soundboxV2/build/app/intermediates/manifest_merge_blame_file/release/manifest-merger-blame-release-report.txt
1<?xml version="1.0" encoding="utf-8"?>
2<manifest xmlns:android="http://schemas.android.com/apk/res/android"
3    package="com.janabank.msb"
4    android:versionCode="7"
5    android:versionName="2.0.0" >
6
7    <uses-sdk
8        android:minSdkVersion="26"
8-->src/main/AndroidManifest.xml
9        android:targetSdkVersion="34" />
9-->src/main/AndroidManifest.xml
10
11    <uses-feature
11-->src/main/AndroidManifest.xml:4:5-6:36
12        android:name="android.hardware.telephony"
12-->src/main/AndroidManifest.xml:5:9-50
13        android:required="false" />
13-->src/main/AndroidManifest.xml:6:9-33
14
15    <uses-permission android:name="android.permission.READ_PHONE_STATE" />
15-->src/main/AndroidManifest.xml:8:5-96
15-->src/main/AndroidManifest.xml:8:22-72
16    <uses-permission android:name="android.permission.WAKE_LOCK" />
16-->src/main/AndroidManifest.xml:9:5-67
16-->src/main/AndroidManifest.xml:9:22-65
17    <uses-permission android:name="android.permission.SEND_SMS" />
17-->src/main/AndroidManifest.xml:10:5-67
17-->src/main/AndroidManifest.xml:10:22-64
18    <uses-permission android:name="android.permission.READ_PHONE_NUMBERS" />
18-->src/main/AndroidManifest.xml:11:5-77
18-->src/main/AndroidManifest.xml:11:22-74
19    <uses-permission android:name="android.permission.FOREGROUND_SERVICE" />
19-->src/main/AndroidManifest.xml:12:5-76
19-->src/main/AndroidManifest.xml:12:22-74
20    <uses-permission android:name="android.permission.INTERNET" />
20-->src/main/AndroidManifest.xml:13:5-66
20-->src/main/AndroidManifest.xml:13:22-64
21    <!--
22         Required to query activities that can process text, see:
23         https://developer.android.com/training/package-visibility?hl=en and
24         https://developer.android.com/reference/android/content/Intent#ACTION_PROCESS_TEXT.
25
26         In particular, this is used by the Flutter engine in io.flutter.plugin.text.ProcessTextPlugin.
27    -->
28    <queries>
28-->src/main/AndroidManifest.xml:86:5-91:15
29        <intent>
29-->src/main/AndroidManifest.xml:87:9-90:18
30            <action android:name="android.intent.action.PROCESS_TEXT" />
30-->src/main/AndroidManifest.xml:88:13-72
30-->src/main/AndroidManifest.xml:88:21-70
31
32            <data android:mimeType="text/plain" />
32-->src/main/AndroidManifest.xml:89:13-50
32-->src/main/AndroidManifest.xml:89:19-48
33        </intent>
34    </queries>
35
36    <uses-permission android:name="android.permission.READ_SMS" />
36-->[:flutter_sms_listener] AndroidManifest.xml:9:5-67
36-->[:flutter_sms_listener] AndroidManifest.xml:9:22-64
37    <uses-permission android:name="android.permission.RECEIVE_SMS" />
37-->[:flutter_sms_listener] AndroidManifest.xml:10:5-70
37-->[:flutter_sms_listener] AndroidManifest.xml:10:22-67
38    <uses-permission android:name="android.permission.VIBRATE" />
38-->[:flutter_local_notifications] AndroidManifest.xml:9:5-66
38-->[:flutter_local_notifications] AndroidManifest.xml:9:22-63
39    <uses-permission android:name="android.permission.POST_NOTIFICATIONS" />
39-->[:flutter_local_notifications] AndroidManifest.xml:10:5-77
39-->[:flutter_local_notifications] AndroidManifest.xml:10:22-74
40
41    <meta-data
41-->src/main/AndroidManifest.xml:59:9-71
42        android:name="flutterEmbedding"
42-->src/main/AndroidManifest.xml:59:20-51
43        android:value="2" />
43-->src/main/AndroidManifest.xml:59:52-69
44
45    <permission
45-->[androidx.core:core:1.12.0] AndroidManifest.xml:22:5-24:47
46        android:name="com.janabank.msb.DYNAMIC_RECEIVER_NOT_EXPORTED_PERMISSION"
46-->[androidx.core:core:1.12.0] AndroidManifest.xml:23:9-81
47        android:protectionLevel="signature" />
47-->[androidx.core:core:1.12.0] AndroidManifest.xml:24:9-44
48
49    <uses-permission android:name="com.janabank.msb.DYNAMIC_RECEIVER_NOT_EXPORTED_PERMISSION" />
49-->[androidx.core:core:1.12.0] AndroidManifest.xml:26:5-97
49-->[androidx.core:core:1.12.0] AndroidManifest.xml:26:22-94
50
51    <application
52        android:name="android.app.Application"
52-->src/main/AndroidManifest.xml:18:9-42
53        android:allowBackup="false"
53-->src/main/AndroidManifest.xml:15:9-36
54        android:appComponentFactory="androidx.core.app.CoreComponentFactory"
54-->[androidx.core:core:1.12.0] AndroidManifest.xml:28:18-86
55        android:extractNativeLibs="false"
56        android:icon="@mipmap/launcher_icon"
56-->src/main/AndroidManifest.xml:19:9-45
57        android:label="iVanii" >
57-->src/main/AndroidManifest.xml:16:9-31
58        <activity
58-->src/main/AndroidManifest.xml:23:9-46:20
59            android:name="com.janabank.msb.MainActivity"
59-->src/main/AndroidManifest.xml:23:19-47
60            android:configChanges="orientation|keyboardHidden|keyboard|screenSize|smallestScreenSize|locale|layoutDirection|fontScale|screenLayout|density|uiMode"
60-->src/main/AndroidManifest.xml:27:13-163
61            android:exported="true"
61-->src/main/AndroidManifest.xml:24:13-36
62            android:hardwareAccelerated="true"
62-->src/main/AndroidManifest.xml:28:13-47
63            android:launchMode="singleTop"
63-->src/main/AndroidManifest.xml:25:13-43
64            android:theme="@style/LaunchTheme"
64-->src/main/AndroidManifest.xml:26:13-47
65            android:windowSoftInputMode="adjustResize" >
65-->src/main/AndroidManifest.xml:29:13-55
66
67            <!--
68                 Specifies an Android theme to apply to this Activity as soon as
69                 the Android process has started. This theme is visible to the user
70                 while the Flutter UI initializes. After that, this theme continues
71                 to determine the Window background behind the Flutter UI.
72            -->
73            <meta-data
73-->src/main/AndroidManifest.xml:34:13-119
74                android:name="io.flutter.embedding.android.NormalTheme"
74-->src/main/AndroidManifest.xml:34:24-79
75                android:resource="@style/NormalTheme" />
75-->src/main/AndroidManifest.xml:34:80-117
76            <meta-data
76-->src/main/AndroidManifest.xml:35:13-37:76
77                android:name="io.flutter.embedding.engine.FlutterEngine"
77-->src/main/AndroidManifest.xml:36:17-73
78                android:value="io.flutter.embedding.engine.FlutterEngine" />
78-->src/main/AndroidManifest.xml:37:17-74
79
80            <intent-filter>
80-->src/main/AndroidManifest.xml:38:13-41:29
81                <action android:name="android.intent.action.MAIN" />
81-->src/main/AndroidManifest.xml:39:17-68
81-->src/main/AndroidManifest.xml:39:25-66
82
83                <category android:name="android.intent.category.LAUNCHER" />
83-->src/main/AndroidManifest.xml:40:17-76
83-->src/main/AndroidManifest.xml:40:27-74
84            </intent-filter>
85            <intent-filter>
85-->src/main/AndroidManifest.xml:42:13-45:29
86                <action android:name="FLUTTER_NOTIFICATION_CLICK" />
86-->src/main/AndroidManifest.xml:43:17-68
86-->src/main/AndroidManifest.xml:43:25-66
87
88                <category android:name="android.intent.category.DEFAULT" />
88-->src/main/AndroidManifest.xml:44:17-75
88-->src/main/AndroidManifest.xml:44:27-73
89            </intent-filter>
90        </activity>
91
92        <receiver
92-->src/main/AndroidManifest.xml:47:9-53:20
93            android:name="com.janabank.msb.SimChangeReceiver"
93-->src/main/AndroidManifest.xml:47:19-52
94            android:enabled="true"
94-->src/main/AndroidManifest.xml:48:13-35
95            android:exported="false" >
95-->src/main/AndroidManifest.xml:49:13-37
96            <intent-filter>
96-->src/main/AndroidManifest.xml:50:13-52:29
97                <action android:name="android.intent.action.SIM_STATE_CHANGED" />
97-->src/main/AndroidManifest.xml:51:17-81
97-->src/main/AndroidManifest.xml:51:25-79
98            </intent-filter>
99        </receiver>
100
101        <meta-data
101-->src/main/AndroidManifest.xml:54:9-56:58
102            android:name="com.google.firebase.messaging.default_notification_icon"
102-->src/main/AndroidManifest.xml:55:13-83
103            android:resource="@drawable/launcher_icon" />
103-->src/main/AndroidManifest.xml:56:13-55
104        <!--
105             Don't delete the meta-data below.
106             This is used by the Flutter tool to generate GeneratedPluginRegistrant.java
107        -->
108        <meta-data
108-->src/main/AndroidManifest.xml:59:9-71
109            android:name="flutterEmbedding"
109-->src/main/AndroidManifest.xml:59:20-51
110            android:value="2" />
110-->src/main/AndroidManifest.xml:59:52-69
111        <meta-data
111-->src/main/AndroidManifest.xml:60:9-62:55
112            android:name="com.google.firebase.messaging.default_notification_channel_id"
112-->src/main/AndroidManifest.xml:61:13-89
113            android:value="high_importance_channel" />
113-->src/main/AndroidManifest.xml:62:13-52
114
115        <receiver
115-->src/main/AndroidManifest.xml:65:9-131
116            android:name="com.dexterous.flutterlocalnotifications.ScheduledNotificationReceiver"
116-->src/main/AndroidManifest.xml:65:44-128
117            android:exported="false" />
117-->src/main/AndroidManifest.xml:65:19-43
118        <receiver
118-->src/main/AndroidManifest.xml:66:9-73:20
119            android:name="com.dexterous.flutterlocalnotifications.ScheduledNotificationBootReceiver"
119-->src/main/AndroidManifest.xml:66:44-132
120            android:exported="false" >
120-->src/main/AndroidManifest.xml:66:19-43
121            <intent-filter>
121-->src/main/AndroidManifest.xml:67:13-72:29
122                <action android:name="android.intent.action.BOOT_COMPLETED" />
122-->src/main/AndroidManifest.xml:68:17-78
122-->src/main/AndroidManifest.xml:68:25-76
123                <action android:name="android.intent.action.MY_PACKAGE_REPLACED" />
123-->src/main/AndroidManifest.xml:69:17-83
123-->src/main/AndroidManifest.xml:69:25-81
124                <action android:name="android.intent.action.QUICKBOOT_POWERON" />
124-->src/main/AndroidManifest.xml:70:17-82
124-->src/main/AndroidManifest.xml:70:25-79
125                <action android:name="com.htc.intent.action.QUICKBOOT_POWERON" />
125-->src/main/AndroidManifest.xml:71:17-81
125-->src/main/AndroidManifest.xml:71:25-79
126            </intent-filter>
127        </receiver>
128
129        <service
129-->src/main/AndroidManifest.xml:74:9-78:68
130            android:name="com.google.android.gms.auth.api.signin.RevocationBoundService"
130-->src/main/AndroidManifest.xml:75:13-89
131            android:exported="false"
131-->src/main/AndroidManifest.xml:76:13-37
132            android:permission="com.google.android.gms.auth.api.signin.permission.REVOCATION_SERVICE"
132-->src/main/AndroidManifest.xml:77:13-102
133            android:visibleToInstantApps="true" />
133-->[com.google.android.gms:play-services-auth:20.7.0] AndroidManifest.xml:37:13-48
134
135        <activity
135-->[:url_launcher_android] AndroidManifest.xml:10:9-13:74
136            android:name="io.flutter.plugins.urllauncher.WebViewActivity"
136-->[:url_launcher_android] AndroidManifest.xml:11:13-74
137            android:exported="false"
137-->[:url_launcher_android] AndroidManifest.xml:12:13-37
138            android:theme="@android:style/Theme.NoTitleBar.Fullscreen" />
138-->[:url_launcher_android] AndroidManifest.xml:13:13-71
139
140        <uses-library
140-->[androidx.window:window:1.0.0] AndroidManifest.xml:25:9-27:40
141            android:name="androidx.window.extensions"
141-->[androidx.window:window:1.0.0] AndroidManifest.xml:26:13-54
142            android:required="false" />
142-->[androidx.window:window:1.0.0] AndroidManifest.xml:27:13-37
143        <uses-library
143-->[androidx.window:window:1.0.0] AndroidManifest.xml:28:9-30:40
144            android:name="androidx.window.sidecar"
144-->[androidx.window:window:1.0.0] AndroidManifest.xml:29:13-51
145            android:required="false" />
145-->[androidx.window:window:1.0.0] AndroidManifest.xml:30:13-37
146
147        <activity
147-->[com.google.android.gms:play-services-auth:20.7.0] AndroidManifest.xml:23:9-27:75
148            android:name="com.google.android.gms.auth.api.signin.internal.SignInHubActivity"
148-->[com.google.android.gms:play-services-auth:20.7.0] AndroidManifest.xml:24:13-93
149            android:excludeFromRecents="true"
149-->[com.google.android.gms:play-services-auth:20.7.0] AndroidManifest.xml:25:13-46
150            android:exported="false"
150-->[com.google.android.gms:play-services-auth:20.7.0] AndroidManifest.xml:26:13-37
151            android:theme="@android:style/Theme.Translucent.NoTitleBar" />
151-->[com.google.android.gms:play-services-auth:20.7.0] AndroidManifest.xml:27:13-72
152        <activity
152-->[com.google.android.gms:play-services-base:18.0.1] AndroidManifest.xml:20:9-22:45
153            android:name="com.google.android.gms.common.api.GoogleApiActivity"
153-->[com.google.android.gms:play-services-base:18.0.1] AndroidManifest.xml:20:19-85
154            android:exported="false"
154-->[com.google.android.gms:play-services-base:18.0.1] AndroidManifest.xml:22:19-43
155            android:theme="@android:style/Theme.Translucent.NoTitleBar" />
155-->[com.google.android.gms:play-services-base:18.0.1] AndroidManifest.xml:21:19-78
156
157        <meta-data
157-->[com.google.android.gms:play-services-basement:18.2.0] AndroidManifest.xml:21:9-23:69
158            android:name="com.google.android.gms.version"
158-->[com.google.android.gms:play-services-basement:18.2.0] AndroidManifest.xml:22:13-58
159            android:value="@integer/google_play_services_version" />
159-->[com.google.android.gms:play-services-basement:18.2.0] AndroidManifest.xml:23:13-66
160    </application>
161
162</manifest>